<?xml version="1.0" encoding="UTF-8"?>
<!-- Generated by org.testng.reporters.JUnitReportReporter -->
<testsuite hostname="DESKTOP-UR46BPM" name="com.inetbanking.testCases.TC_Categ_Test004" tests="1" failures="0" timestamp="26 Jul 2021 12:42:07 GMT" time="10.116" errors="0">
  <testcase name="Catclick" time="10.116" classname="com.inetbanking.testCases.TC_Categ_Test004"/>
</testsuite> <!-- com.inetbanking.testCases.TC_Categ_Test004 -->
