<?xml version="1.0" encoding="UTF-8"?>
<!-- Generated by org.testng.reporters.JUnitReportReporter -->
<testsuite hostname="DESKTOP-UR46BPM" name="com.inetbanking.testCases.TC_Login_Test001" tests="1" failures="0" timestamp="26 Jul 2021 12:42:07 GMT" time="3.820" errors="0">
  <testcase name="logintest" time="3.820" classname="com.inetbanking.testCases.TC_Login_Test001"/>
</testsuite> <!-- com.inetbanking.testCases.TC_Login_Test001 -->
